# run test with python3 -m doctest -v ./tests/3-say_my_name.txt

First import method to test
>>> say_my_name = __import__('3-say_my_name').say_my_name

SUCCESS CASES:

Test two strings given:
     >>> say_my_name("Curious", "Adonis")
     My name is Curious Adonis

     >>> say_my_name("Adonis")
     My name is Adonis 

FAIL CASES:

Test other data types:
     >>> say_my_name(12, "White")
     Traceback (most recent call last):
     ...
     TypeError: first_name must be a string

     >>> say_my_name("Adonis", ["C", "A"])
     Traceback (most recent call last):
     ...
     TypeError: last_name must be a string

Test extra args:
     >>> say_my_name("Adonis", "C", "CA")
     Traceback (most recent call last):
     ...
     TypeError: say_my_name() takes from 1 to 2 positional arguments but 3 were given

Test too few args
     >>> say_my_name()
     Traceback (most recent call last):
     ...
     TypeError: say_my_name() missing 1 required positional argument: 'first_name'

     >>> say_my_name(None)
     Traceback (most recent call last):
     ...
     TypeError: first_name must be a string
